2026-01-12 03:21:21.869 [info] Reading sessions from keychain...
2026-01-12 03:21:21.869 [info] Getting sessions for all scopes...
2026-01-12 03:21:21.869 [info] Got 0 sessions for ...
2026-01-12 03:21:21.869 [info] Getting sessions for all scopes...
2026-01-12 03:21:21.869 [info] Got 0 sessions for ...
2026-01-12 03:21:21.869 [info] Getting sessions for all scopes...
2026-01-12 03:21:21.869 [info] Got 0 sessions for ...
2026-01-12 03:21:21.869 [info] Getting sessions for all scopes...
2026-01-12 03:21:21.869 [info] Got 0 sessions for ...
2026-01-12 03:21:22.145 [info] Getting sessions for project,read:org,read:user,repo,user:email,workflow...
2026-01-12 03:21:22.145 [info] Got 0 sessions for project,read:org,read:user,repo,user:email,workflow...
2026-01-12 03:21:22.591 [info] Getting sessions for read:user,repo,user:email,workflow...
2026-01-12 03:21:22.591 [info] Got 0 sessions for read:user,repo,user:email,workflow...
2026-01-12 03:21:23.005 [info] Getting sessions for read:user,repo,user:email...
2026-01-12 03:21:23.005 [info] Got 0 sessions for read:user,repo,user:email...
2026-01-12 03:21:23.416 [info] Getting sessions for read:user,repo,user:email,workflow...
2026-01-12 03:21:23.416 [info] Got 0 sessions for read:user,repo,user:email,workflow...
2026-01-12 03:28:00.646 [info] Getting sessions for repo,workflow...
2026-01-12 03:28:00.648 [info] Got 0 sessions for repo,workflow...
2026-01-12 03:28:01.272 [info] Getting sessions for repo,workflow...
2026-01-12 03:28:01.272 [info] Got 0 sessions for repo,workflow...
2026-01-12 03:28:01.774 [info] Getting sessions for repo,workflow...
2026-01-12 03:28:01.774 [info] Got 0 sessions for repo,workflow...
2026-01-12 03:28:02.250 [info] Getting sessions for repo,workflow...
2026-01-12 03:28:02.250 [info] Got 0 sessions for repo,workflow...
2026-01-12 03:28:04.242 [info] Getting sessions for repo,workflow...
2026-01-12 03:28:04.242 [info] Got 0 sessions for repo,workflow...
2026-01-12 03:28:05.891 [info] Logging in with 'any' account...
2026-01-12 03:28:05.891 [info] Logging in for the following scopes: repo workflow
2026-01-12 03:28:06.191 [info] Trying device code flow... (repo workflow)
2026-01-12 03:28:07.045 [info] fetching: Node fetch succeeded (JSON)
2026-01-12 03:28:52.248 [info] Getting user info...
2026-01-12 03:28:52.801 [info] Got account info!
2026-01-12 03:28:52.802 [info] Storing 1 sessions...
2026-01-12 03:28:52.987 [info] Reading sessions from keychain...
2026-01-12 03:28:52.987 [info] Stored 1 sessions!
2026-01-12 03:28:52.987 [info] Login success!
2026-01-12 03:28:53.128 [info] Got stored sessions!
2026-01-12 03:28:53.129 [info] Got 1 verified sessions.
2026-01-12 03:28:53.402 [info] Getting sessions for project,read:org,read:user,repo,user:email,workflow...
2026-01-12 03:28:53.403 [info] Got 0 sessions for project,read:org,read:user,repo,user:email,workflow...
2026-01-12 03:28:53.847 [info] Getting sessions for read:user,repo,user:email,workflow...
2026-01-12 03:28:53.848 [info] Got 0 sessions for read:user,repo,user:email,workflow...
2026-01-12 03:28:54.288 [info] Getting sessions for read:user,repo,user:email...
2026-01-12 03:28:54.288 [info] Got 0 sessions for read:user,repo,user:email...
2026-01-12 03:28:54.787 [info] Getting sessions for read:user,repo,user:email,workflow...
2026-01-12 03:28:54.788 [info] Got 0 sessions for read:user,repo,user:email,workflow...
2026-01-12 03:28:55.305 [info] Getting sessions for project,read:org,read:user,repo,user:email,workflow...
2026-01-12 03:28:55.306 [info] Got 0 sessions for project,read:org,read:user,repo,user:email,workflow...
2026-01-12 03:28:55.722 [info] Getting sessions for read:user,repo,user:email,workflow...
2026-01-12 03:28:55.722 [info] Got 0 sessions for read:user,repo,user:email,workflow...
2026-01-12 03:28:56.195 [info] Getting sessions for read:user,repo,user:email...
2026-01-12 03:28:56.196 [info] Got 0 sessions for read:user,repo,user:email...
2026-01-12 03:28:56.616 [info] Getting sessions for read:user,repo,user:email,workflow...
2026-01-12 03:28:56.616 [info] Got 0 sessions for read:user,repo,user:email,workflow...
2026-01-12 03:28:59.440 [info] Getting sessions for repo,workflow...
2026-01-12 03:28:59.440 [info] Got 1 sessions for repo,workflow...
2026-01-12 03:29:00.279 [info] Getting sessions for repo,workflow...
2026-01-12 03:29:00.279 [info] Got 1 sessions for repo,workflow...
2026-01-12 03:29:00.758 [info] Getting sessions for repo,workflow...
2026-01-12 03:29:00.758 [info] Got 1 sessions for repo,workflow...
2026-01-12 03:38:03.167 [info] Getting sessions for project,read:org,read:user,repo,user:email,workflow...
2026-01-12 03:38:03.225 [info] Got 0 sessions for project,read:org,read:user,repo,user:email,workflow...
2026-01-12 03:38:26.384 [info] Getting sessions for read:user,repo,user:email,workflow...
2026-01-12 03:38:26.384 [info] Got 0 sessions for read:user,repo,user:email,workflow...
2026-01-12 03:38:26.783 [info] Getting sessions for read:user,repo,user:email...
2026-01-12 03:38:26.783 [info] Got 0 sessions for read:user,repo,user:email...
2026-01-12 03:38:27.231 [info] Getting sessions for read:user,repo,user:email,workflow...
2026-01-12 03:38:27.231 [info] Got 0 sessions for read:user,repo,user:email,workflow...
2026-01-12 03:38:38.470 [info] Logging in with 'any' account...
2026-01-12 03:38:38.477 [info] Logging in for the following scopes: read:user repo user:email workflow
2026-01-12 03:38:42.327 [info] Trying device code flow... (read:user repo user:email workflow)
2026-01-12 03:39:29.641 [info] Getting user info...
2026-01-12 03:39:30.237 [info] Got account info!
2026-01-12 03:39:30.238 [info] Storing 2 sessions...
2026-01-12 03:39:43.151 [info] Reading sessions from keychain...
2026-01-12 03:39:43.152 [info] Stored 2 sessions!
2026-01-12 03:39:43.152 [info] Login success!
2026-01-12 03:39:43.152 [info] Getting sessions for project,read:org,read:user,repo,user:email,workflow...
2026-01-12 03:39:49.313 [info] Got stored sessions!
2026-01-12 03:39:49.317 [info] Got 2 verified sessions.
2026-01-12 03:39:49.340 [info] Got 0 sessions for project,read:org,read:user,repo,user:email,workflow...
2026-01-12 03:39:51.907 [info] Getting sessions for read:user,repo,user:email,workflow...
2026-01-12 03:39:51.908 [info] Got 1 sessions for read:user,repo,user:email,workflow...
2026-01-12 03:51:16.607 [info] Getting sessions for project,read:org,read:user,repo,user:email,workflow...
2026-01-12 03:51:16.607 [info] Got 0 sessions for project,read:org,read:user,repo,user:email,workflow...
2026-01-12 03:51:20.381 [info] Logging in with 'any' account...
2026-01-12 03:51:20.382 [info] Logging in for the following scopes: project read:org read:user repo user:email workflow
2026-01-12 03:51:22.920 [info] Trying device code flow... (project read:org read:user repo user:email workflow)
2026-01-12 03:52:08.209 [info] Getting user info...
2026-01-12 03:52:08.762 [info] Got account info!
2026-01-12 03:52:08.763 [info] Storing 3 sessions...
2026-01-12 03:52:08.893 [info] Reading sessions from keychain...
2026-01-12 03:52:08.893 [info] Stored 3 sessions!
2026-01-12 03:52:08.894 [info] Login success!
2026-01-12 03:52:08.894 [info] Getting sessions for read:user,repo,user:email,workflow...
2026-01-12 03:52:09.028 [info] Got stored sessions!
2026-01-12 03:52:09.029 [info] Got 3 verified sessions.
2026-01-12 03:52:09.030 [info] Got 1 sessions for read:user,repo,user:email,workflow...
2026-01-12 03:52:09.600 [info] Getting sessions for project,read:org,read:user,repo,user:email,workflow...
2026-01-12 03:52:09.600 [info] Got 1 sessions for project,read:org,read:user,repo,user:email,workflow...
2026-01-12 03:52:09.909 [info] Getting sessions for read:user,repo,user:email,workflow...
2026-01-12 03:52:09.909 [info] Got 1 sessions for read:user,repo,user:email,workflow...
2026-01-12 03:52:19.276 [info] Getting sessions for read:user,repo,user:email,workflow...
2026-01-12 03:52:19.276 [info] Got 1 sessions for read:user,repo,user:email,workflow...
