Initializing document watcher...
Document watcher initialized
sandeepkhadka9090/Cube-V3.py.py: {"tabSize":4,"indentSize":4,"insertSpaces":true,"cursorStyle":1,"lineNumbers":1}
sandeepkhadka9090/Cube-V3.py.py: {"tabSize":4,"indentSize":4,"insertSpaces":true,"cursorStyle":1,"lineNumbers":1}
sandeepkhadka9090/Cube-V3.py.py: {"tabSize":4,"indentSize":4,"insertSpaces":true,"cursorStyle":1,"lineNumbers":1}
sandeepkhadka9090/.codeoss/data/Machine/settings.json: Using EditorConfig core...
sandeepkhadka9090/Cube-V3.py.py: {"tabSize":4,"indentSize":4,"insertSpaces":true,"cursorStyle":1,"lineNumbers":1}
sandeepkhadka9090/Cube-V3.py.py: {"tabSize":4,"indentSize":4,"insertSpaces":true,"cursorStyle":1,"lineNumbers":1}
sandeepkhadka9090/Cube-V3.py.py: {"tabSize":4,"indentSize":4,"insertSpaces":true,"cursorStyle":1,"lineNumbers":1}
sandeepkhadka9090/Cube-V3.py.py: {"tabSize":4,"indentSize":4,"insertSpaces":true,"cursorStyle":1,"lineNumbers":1}
sandeepkhadka9090/Cube-V3.py.py: {"tabSize":4,"indentSize":4,"insertSpaces":true,"cursorStyle":1,"lineNumbers":1}
sandeepkhadka9090/Cube-V3.py.py: {"tabSize":4,"indentSize":4,"insertSpaces":true,"cursorStyle":1,"lineNumbers":1}
sandeepkhadka9090/Cube-V3.py: {"tabSize":4,"indentSize":4,"insertSpaces":true,"cursorStyle":1,"lineNumbers":1}
sandeepkhadka9090/Cube-V3.py: {"tabSize":4,"indentSize":4,"insertSpaces":true,"cursorStyle":1,"lineNumbers":1}
No more open editors.
sandeepkhadka9090/Cube-V3.py: {"tabSize":4,"indentSize":4,"insertSpaces":true,"cursorStyle":1,"lineNumbers":1}
sandeepkhadka9090/Cube-V3.py: {"tabSize":4,"indentSize":4,"insertSpaces":true,"cursorStyle":1,"lineNumbers":1}
sandeepkhadka9090/Cube-V3.py: {"tabSize":4,"indentSize":4,"insertSpaces":true,"cursorStyle":1,"lineNumbers":1}
No more open editors.
No more open editors.
No more open editors.
No more open editors.
No more open editors.
No more open editors.
No more open editors.
No more open editors.
No more open editors.
No more open editors.
No more open editors.
No more open editors.
No more open editors.
No more open editors.
No more open editors.
No more open editors.
No more open editors.
No more open editors.
No more open editors.
sandeepkhadka9090/Cube-V3.py: {"tabSize":4,"indentSize":4,"insertSpaces":true,"cursorStyle":1,"lineNumbers":1}
sandeepkhadka9090/Cube-V3.py: {"tabSize":4,"indentSize":4,"insertSpaces":true,"cursorStyle":1,"lineNumbers":1}
sandeepkhadka9090/Cube-V3.py: {"tabSize":4,"indentSize":4,"insertSpaces":true,"cursorStyle":1,"lineNumbers":1}
sandeepkhadka9090/Cube-V3.py: {"tabSize":4,"indentSize":4,"insertSpaces":true,"cursorStyle":1,"lineNumbers":1}
sandeepkhadka9090/Cube-V3.py: {"tabSize":4,"indentSize":4,"insertSpaces":true,"cursorStyle":1,"lineNumbers":1}
sandeepkhadka9090/Cube-V3.py: {"tabSize":4,"indentSize":4,"insertSpaces":true,"cursorStyle":1,"lineNumbers":1}
sandeepkhadka9090/Cube-V3.py: {"tabSize":4,"indentSize":4,"insertSpaces":true,"cursorStyle":1,"lineNumbers":1}
sandeepkhadka9090/Cube-V3.py: {"tabSize":4,"indentSize":4,"insertSpaces":true,"cursorStyle":1,"lineNumbers":1}
sandeepkhadka9090/.github/workflows/build.yml: {"tabSize":4,"indentSize":4,"insertSpaces":true,"cursorStyle":1,"lineNumbers":1}
sandeepkhadka9090/.github/workflows/build.yml: {"tabSize":4,"indentSize":4,"insertSpaces":true,"cursorStyle":1,"lineNumbers":1}
sandeepkhadka9090/.github/workflows/build.yml: Using EditorConfig core...
sandeepkhadka9090/.github/workflows/build.yml: {"tabSize":4,"indentSize":4,"insertSpaces":true,"cursorStyle":1,"lineNumbers":1}
sandeepkhadka9090/.github/workflows/build.yml: Using EditorConfig core...
sandeepkhadka9090/.github/workflows/build.yml: {"tabSize":4,"indentSize":4,"insertSpaces":true,"cursorStyle":1,"lineNumbers":1}
sandeepkhadka9090/.github/workflows/build.yml: {"tabSize":4,"indentSize":4,"insertSpaces":true,"cursorStyle":1,"lineNumbers":1}
sandeepkhadka9090/.github/workflows/build.yml: {"tabSize":4,"indentSize":4,"insertSpaces":true,"cursorStyle":1,"lineNumbers":1}
sandeepkhadka9090/.github/workflows/build.yml: {"tabSize":4,"indentSize":4,"insertSpaces":true,"cursorStyle":1,"lineNumbers":1}
sandeepkhadka9090/.github/workflows/build.yml: {"tabSize":4,"indentSize":4,"insertSpaces":true,"cursorStyle":1,"lineNumbers":1}
sandeepkhadka9090/.github/workflows/build.yml: {"tabSize":4,"indentSize":4,"insertSpaces":true,"cursorStyle":1,"lineNumbers":1}
sandeepkhadka9090/.github/workflows/build.yml: {"tabSize":4,"indentSize":4,"insertSpaces":true,"cursorStyle":1,"lineNumbers":1}
/home/sandeepkhadka9090/.local/bin/pyi-archive_viewer: {"tabSize":4,"indentSize":4,"insertSpaces":true,"cursorStyle":1,"lineNumbers":1}
/home/sandeepkhadka9090/.local/bin/pyi-archive_viewer: {"tabSize":4,"indentSize":4,"insertSpaces":true,"cursorStyle":1,"lineNumbers":1}
/home/sandeepkhadka9090/.local/bin/pyi-archive_viewer: {"tabSize":4,"indentSize":4,"insertSpaces":true,"cursorStyle":1,"lineNumbers":1}
/home/sandeepkhadka9090/.local/bin/pyi-archive_viewer: {"tabSize":4,"indentSize":4,"insertSpaces":true,"cursorStyle":1,"lineNumbers":1}
sandeepkhadka9090/Note.txt: {"tabSize":4,"indentSize":4,"insertSpaces":true,"cursorStyle":1,"lineNumbers":1}
sandeepkhadka9090/Note.txt: Using EditorConfig core...
sandeepkhadka9090/Note.txt: {"tabSize":4,"indentSize":4,"insertSpaces":true,"cursorStyle":1,"lineNumbers":1}
sandeepkhadka9090/Note.txt: {"tabSize":4,"indentSize":4,"insertSpaces":true,"cursorStyle":1,"lineNumbers":1}
sandeepkhadka9090/Note.txt: {"tabSize":4,"indentSize":4,"insertSpaces":true,"cursorStyle":1,"lineNumbers":1}
sandeepkhadka9090/Note.txt: {"tabSize":4,"indentSize":4,"insertSpaces":true,"cursorStyle":1,"lineNumbers":1}
sandeepkhadka9090/Note.txt: {"tabSize":4,"indentSize":4,"insertSpaces":true,"cursorStyle":1,"lineNumbers":1}
sandeepkhadka9090/Note.txt: {"tabSize":4,"indentSize":4,"insertSpaces":true,"cursorStyle":1,"lineNumbers":1}
sandeepkhadka9090/Note.txt: {"tabSize":4,"indentSize":4,"insertSpaces":true,"cursorStyle":1,"lineNumbers":1}
sandeepkhadka9090/Note.txt: {"tabSize":4,"indentSize":4,"insertSpaces":true,"cursorStyle":1,"lineNumbers":1}
sandeepkhadka9090/Note.txt: {"tabSize":4,"indentSize":4,"insertSpaces":true,"cursorStyle":1,"lineNumbers":1}
sandeepkhadka9090/Note.txt: {"tabSize":4,"indentSize":4,"insertSpaces":true,"cursorStyle":1,"lineNumbers":1}
sandeepkhadka9090/Note.txt: {"tabSize":4,"indentSize":4,"insertSpaces":true,"cursorStyle":1,"lineNumbers":1}
sandeepkhadka9090/Note.txt: {"tabSize":4,"indentSize":4,"insertSpaces":true,"cursorStyle":1,"lineNumbers":1}
sandeepkhadka9090/Note.txt: {"tabSize":4,"indentSize":4,"insertSpaces":true,"cursorStyle":1,"lineNumbers":1}
sandeepkhadka9090/.gitignore: {"tabSize":4,"indentSize":4,"insertSpaces":true,"cursorStyle":1,"lineNumbers":1}
sandeepkhadka9090/.gitignore: {"tabSize":4,"indentSize":4,"insertSpaces":true,"cursorStyle":1,"lineNumbers":1}
sandeepkhadka9090/.gitignore: Using EditorConfig core...
sandeepkhadka9090/.gitignore: Using EditorConfig core...
sandeepkhadka9090/.gitignore: {"tabSize":4,"indentSize":4,"insertSpaces":true,"cursorStyle":1,"lineNumbers":1}
sandeepkhadka9090/.gitignore: {"tabSize":4,"indentSize":4,"insertSpaces":true,"cursorStyle":1,"lineNumbers":1}
sandeepkhadka9090/.gitignore: {"tabSize":4,"indentSize":4,"insertSpaces":true,"cursorStyle":1,"lineNumbers":1}
sandeepkhadka9090/.gitignore: {"tabSize":4,"indentSize":4,"insertSpaces":true,"cursorStyle":1,"lineNumbers":1}
sandeepkhadka9090/.gitignore: {"tabSize":4,"indentSize":4,"insertSpaces":true,"cursorStyle":1,"lineNumbers":1}
sandeepkhadka9090/.gitignore: {"tabSize":4,"indentSize":4,"insertSpaces":true,"cursorStyle":1,"lineNumbers":1}
sandeepkhadka9090/.gitignore: {"tabSize":4,"indentSize":4,"insertSpaces":true,"cursorStyle":1,"lineNumbers":1}
sandeepkhadka9090/.gitignore: {"tabSize":4,"indentSize":4,"insertSpaces":true,"cursorStyle":1,"lineNumbers":1}
sandeepkhadka9090/.gitignore: {"tabSize":4,"indentSize":4,"insertSpaces":true,"cursorStyle":1,"lineNumbers":1}
sandeepkhadka9090/.gitignore: {"tabSize":4,"indentSize":4,"insertSpaces":true,"cursorStyle":1,"lineNumbers":1}
sandeepkhadka9090/.gitignore: {"tabSize":4,"indentSize":4,"insertSpaces":true,"cursorStyle":1,"lineNumbers":1}
sandeepkhadka9090/.gitignore: {"tabSize":4,"indentSize":4,"insertSpaces":true,"cursorStyle":1,"lineNumbers":1}
sandeepkhadka9090/.gitignore: {"tabSize":4,"indentSize":4,"insertSpaces":true,"cursorStyle":1,"lineNumbers":1}
sandeepkhadka9090/.gitignore: {"tabSize":4,"indentSize":4,"insertSpaces":true,"cursorStyle":1,"lineNumbers":1}
sandeepkhadka9090/.gitignore: {"tabSize":4,"indentSize":4,"insertSpaces":true,"cursorStyle":1,"lineNumbers":1}
sandeepkhadka9090/.gitignore: {"tabSize":4,"indentSize":4,"insertSpaces":true,"cursorStyle":1,"lineNumbers":1}
sandeepkhadka9090/.gitignore: {"tabSize":4,"indentSize":4,"insertSpaces":true,"cursorStyle":1,"lineNumbers":1}
sandeepkhadka9090/Note.txt: {"tabSize":4,"indentSize":4,"insertSpaces":true,"cursorStyle":1,"lineNumbers":1}
/home/sandeepkhadka9090/.local/bin/pyi-archive_viewer: {"tabSize":4,"indentSize":4,"insertSpaces":true,"cursorStyle":1,"lineNumbers":1}
sandeepkhadka9090/Note.txt: {"tabSize":4,"indentSize":4,"insertSpaces":true,"cursorStyle":1,"lineNumbers":1}
sandeepkhadka9090/.github/workflows/build.yml: {"tabSize":4,"indentSize":4,"insertSpaces":true,"cursorStyle":1,"lineNumbers":1}
sandeepkhadka9090/Cube-V3.py: {"tabSize":4,"indentSize":4,"insertSpaces":true,"cursorStyle":1,"lineNumbers":1}
sandeepkhadka9090/.github/workflows/build.yml: {"tabSize":4,"indentSize":4,"insertSpaces":true,"cursorStyle":1,"lineNumbers":1}
sandeepkhadka9090/Cube.py: {"tabSize":4,"indentSize":4,"insertSpaces":true,"cursorStyle":1,"lineNumbers":1}
sandeepkhadka9090/.github/workflows/build.yml: {"tabSize":4,"indentSize":4,"insertSpaces":true,"cursorStyle":1,"lineNumbers":1}
sandeepkhadka9090/.github/workflows/build.yml: {"tabSize":4,"indentSize":4,"insertSpaces":true,"cursorStyle":1,"lineNumbers":1}
sandeepkhadka9090/.github/workflows/build.yml: Using EditorConfig core...
sandeepkhadka9090/.github/workflows/build.yml: {"tabSize":4,"indentSize":4,"insertSpaces":true,"cursorStyle":1,"lineNumbers":1}
sandeepkhadka9090/Note.txt: {"tabSize":4,"indentSize":4,"insertSpaces":true,"cursorStyle":1,"lineNumbers":1}
sandeepkhadka9090/Note.txt: Using EditorConfig core...
sandeepkhadka9090/Note.txt: Using EditorConfig core...
sandeepkhadka9090/Note.txt: {"tabSize":4,"indentSize":4,"insertSpaces":true,"cursorStyle":1,"lineNumbers":1}
