2025-09-02 00:39:08.409 [info] [main] Log level: Info
2025-09-02 00:39:08.409 [info] [main] Validating found git in: "git"
2025-09-02 00:39:08.409 [info] [main] Using git "2.43.0" from "git"
2025-09-02 00:39:08.409 [info] [Model][doInitialScan] Initial repository scan started
2025-09-02 00:39:08.409 [info] > git rev-parse --show-toplevel [3ms]
2025-09-02 00:39:08.409 [info] fatal: not a git repository (or any parent up to mount point /)
Stopping at filesystem boundary (GIT_DISCOVERY_ACROSS_FILESYSTEM not set).
2025-09-02 00:39:08.409 [info] > git rev-parse --show-toplevel [2ms]
2025-09-02 00:39:08.409 [info] fatal: not a git repository (or any parent up to mount point /)
Stopping at filesystem boundary (GIT_DISCOVERY_ACROSS_FILESYSTEM not set).
2025-09-02 00:39:08.409 [info] > git rev-parse --show-toplevel [2ms]
2025-09-02 00:39:08.409 [info] fatal: not a git repository (or any parent up to mount point /)
Stopping at filesystem boundary (GIT_DISCOVERY_ACROSS_FILESYSTEM not set).
2025-09-02 00:39:08.409 [info] > git rev-parse --show-toplevel [2ms]
2025-09-02 00:39:08.409 [info] fatal: not a git repository (or any parent up to mount point /)
Stopping at filesystem boundary (GIT_DISCOVERY_ACROSS_FILESYSTEM not set).
2025-09-02 00:39:08.409 [info] > git rev-parse --show-toplevel [2230ms]
2025-09-02 00:39:08.409 [info] fatal: not a git repository (or any parent up to mount point /)
Stopping at filesystem boundary (GIT_DISCOVERY_ACROSS_FILESYSTEM not set).
2025-09-02 00:39:08.409 [info] > git rev-parse --show-toplevel [5ms]
2025-09-02 00:39:08.409 [info] fatal: not a git repository (or any parent up to mount point /)
Stopping at filesystem boundary (GIT_DISCOVERY_ACROSS_FILESYSTEM not set).
2025-09-02 00:39:08.409 [info] > git rev-parse --show-toplevel [3ms]
2025-09-02 00:39:08.409 [info] fatal: not a git repository (or any parent up to mount point /)
Stopping at filesystem boundary (GIT_DISCOVERY_ACROSS_FILESYSTEM not set).
2025-09-02 00:39:08.410 [info] > git rev-parse --show-toplevel [2ms]
2025-09-02 00:39:08.410 [info] fatal: not a git repository (or any parent up to mount point /)
Stopping at filesystem boundary (GIT_DISCOVERY_ACROSS_FILESYSTEM not set).
2025-09-02 00:39:08.411 [info] [Model][doInitialScan] Initial repository scan completed - repositories (0), closed repositories (0), parent repositories (0), unsafe repositories (0)
2025-09-02 00:39:08.417 [info] > git rev-parse --show-toplevel [1ms]
2025-09-02 00:39:08.418 [info] fatal: not a git repository (or any parent up to mount point /)
Stopping at filesystem boundary (GIT_DISCOVERY_ACROSS_FILESYSTEM not set).
2025-09-02 00:39:25.289 [info] > git rev-parse --show-toplevel [18ms]
2025-09-02 00:39:25.290 [info] fatal: not a git repository (or any parent up to mount point /)
Stopping at filesystem boundary (GIT_DISCOVERY_ACROSS_FILESYSTEM not set).
2025-09-02 00:40:03.664 [info] > git rev-parse --show-toplevel [6ms]
2025-09-02 00:40:03.664 [info] fatal: not a git repository (or any parent up to mount point /)
Stopping at filesystem boundary (GIT_DISCOVERY_ACROSS_FILESYSTEM not set).
2025-09-02 00:40:03.677 [info] > git rev-parse --show-toplevel [2ms]
2025-09-02 00:40:03.678 [info] fatal: not a git repository (or any parent up to mount point /)
Stopping at filesystem boundary (GIT_DISCOVERY_ACROSS_FILESYSTEM not set).
2025-09-02 00:40:04.576 [info] > git rev-parse --show-toplevel [4ms]
2025-09-02 00:40:04.576 [info] fatal: not a git repository (or any parent up to mount point /)
Stopping at filesystem boundary (GIT_DISCOVERY_ACROSS_FILESYSTEM not set).
2025-09-02 00:40:04.586 [info] > git rev-parse --show-toplevel [3ms]
2025-09-02 00:40:04.586 [info] fatal: not a git repository (or any parent up to mount point /)
Stopping at filesystem boundary (GIT_DISCOVERY_ACROSS_FILESYSTEM not set).
2025-09-02 00:40:04.595 [info] > git rev-parse --show-toplevel [2ms]
2025-09-02 00:40:04.595 [info] fatal: not a git repository (or any parent up to mount point /)
Stopping at filesystem boundary (GIT_DISCOVERY_ACROSS_FILESYSTEM not set).
2025-09-02 00:40:06.535 [info] > git rev-parse --show-toplevel [2ms]
2025-09-02 00:40:06.535 [info] fatal: not a git repository (or any parent up to mount point /)
Stopping at filesystem boundary (GIT_DISCOVERY_ACROSS_FILESYSTEM not set).
2025-09-02 00:40:06.544 [info] > git rev-parse --show-toplevel [2ms]
2025-09-02 00:40:06.544 [info] fatal: not a git repository (or any parent up to mount point /)
Stopping at filesystem boundary (GIT_DISCOVERY_ACROSS_FILESYSTEM not set).
2025-09-02 00:40:07.767 [info] > git rev-parse --show-toplevel [2ms]
2025-09-02 00:40:07.767 [info] fatal: not a git repository (or any parent up to mount point /)
Stopping at filesystem boundary (GIT_DISCOVERY_ACROSS_FILESYSTEM not set).
2025-09-02 00:41:18.177 [info] > git rev-parse --show-toplevel [3ms]
2025-09-02 00:41:18.177 [info] fatal: not a git repository (or any parent up to mount point /)
Stopping at filesystem boundary (GIT_DISCOVERY_ACROSS_FILESYSTEM not set).
2025-09-02 00:41:22.076 [info] > git rev-parse --show-toplevel [2ms]
2025-09-02 00:41:22.076 [info] fatal: not a git repository (or any parent up to mount point /)
Stopping at filesystem boundary (GIT_DISCOVERY_ACROSS_FILESYSTEM not set).
2025-09-02 00:41:22.088 [info] > git rev-parse --show-toplevel [2ms]
2025-09-02 00:41:22.088 [info] fatal: not a git repository (or any parent up to mount point /)
Stopping at filesystem boundary (GIT_DISCOVERY_ACROSS_FILESYSTEM not set).
2025-09-02 00:41:22.720 [info] > git rev-parse --show-toplevel [3ms]
2025-09-02 00:41:22.720 [info] fatal: not a git repository (or any parent up to mount point /)
Stopping at filesystem boundary (GIT_DISCOVERY_ACROSS_FILESYSTEM not set).
2025-09-02 00:41:22.733 [info] > git rev-parse --show-toplevel [2ms]
2025-09-02 00:41:22.733 [info] fatal: not a git repository (or any parent up to mount point /)
Stopping at filesystem boundary (GIT_DISCOVERY_ACROSS_FILESYSTEM not set).
2025-09-02 00:41:24.120 [warning] [Model][getRepositoryExact] Failed to get repository realpath for: "/home/sandeepkhadka9090/.codeoss/extensions/.4890666e-73db-4227-a965-b005a2c87e4f/node_modules/acorn-jsx/node_modules/acorn/". Error:Error: ENOENT: no such file or directory, realpath '/home/sandeepkhadka9090/.codeoss/extensions/.4890666e-73db-4227-a965-b005a2c87e4f/node_modules/acorn-jsx/node_modules/acorn/'
2025-09-02 00:41:24.138 [warning] [Model][getRepositoryExact] Failed to get repository realpath for: "/home/sandeepkhadka9090/.codeoss/extensions/.4890666e-73db-4227-a965-b005a2c87e4f/node_modules/es6-symbol/". Error:Error: ENOENT: no such file or directory, realpath '/home/sandeepkhadka9090/.codeoss/extensions/.4890666e-73db-4227-a965-b005a2c87e4f/node_modules/es6-symbol/'
2025-09-02 00:41:24.146 [warning] [Model][getRepositoryExact] Failed to get repository realpath for: "/home/sandeepkhadka9090/.codeoss/extensions/.4890666e-73db-4227-a965-b005a2c87e4f/node_modules/ext/". Error:Error: ENOENT: no such file or directory, realpath '/home/sandeepkhadka9090/.codeoss/extensions/.4890666e-73db-4227-a965-b005a2c87e4f/node_modules/ext/'
2025-09-02 00:41:24.154 [warning] [Model][getRepositoryExact] Failed to get repository realpath for: "/home/sandeepkhadka9090/.codeoss/extensions/.4890666e-73db-4227-a965-b005a2c87e4f/node_modules/supports-preserve-symlinks-flag/". Error:Error: ENOENT: no such file or directory, realpath '/home/sandeepkhadka9090/.codeoss/extensions/.4890666e-73db-4227-a965-b005a2c87e4f/node_modules/supports-preserve-symlinks-flag/'
2025-09-02 00:41:24.161 [warning] [Model][getRepositoryExact] Failed to get repository realpath for: "/home/sandeepkhadka9090/.codeoss/extensions/.4890666e-73db-4227-a965-b005a2c87e4f/node_modules/balanced-match/". Error:Error: ENOENT: no such file or directory, realpath '/home/sandeepkhadka9090/.codeoss/extensions/.4890666e-73db-4227-a965-b005a2c87e4f/node_modules/balanced-match/'
2025-09-02 00:41:24.192 [info] > git rev-parse --show-toplevel [5ms]
2025-09-02 00:41:24.192 [info] fatal: not a git repository (or any parent up to mount point /)
Stopping at filesystem boundary (GIT_DISCOVERY_ACROSS_FILESYSTEM not set).
2025-09-02 00:41:32.109 [info] > git rev-parse --show-toplevel [17ms]
2025-09-02 00:41:32.109 [info] fatal: not a git repository (or any parent up to mount point /)
Stopping at filesystem boundary (GIT_DISCOVERY_ACROSS_FILESYSTEM not set).
